# JRE version: OpenJDK Runtime Environment (16.0.2+7) (build 16.0.2+7)
# Java VM: OpenJDK 64-Bit Server VM (16.0.2+7, mixed mode, tiered, compressed oops, compressed class ptrs, g1 gc, linux-amd64)
GC Precious Log:
 CPUs: 8 total, 8 available
 Memory: 7914M
 Large Page Support: Disabled
 NUMA Support: Disabled
 Compressed Oops: Enabled (32-bit)
 Heap Region Size: 1M
 Heap Min Capacity: 8M
 Heap Initial Capacity: 124M
 Heap Max Capacity: 1G
 Pre-touch: Disabled
 Parallel Workers: 8
 Concurrent Workers: 2
 Concurrent Refinement Workers: 8
 Periodic GC: Disabled
Heap:
 garbage-first heap   total 86016K, used 57154K [0x00000000c0000000, 0x0000000100000000)
  region size 1024K, 17 young (17408K), 3 survivors (3072K)
 Metaspace       used 58420K, committed 59392K, reserved 1105920K
  class space    used 5645K, committed 6080K, reserved 1048576K
GC Heap History (20 events):
Event: 7,825 GC heap before
{Heap before GC invocations=13 (full 0):
 garbage-first heap   total 62464K, used 45090K [0x00000000c0000000, 0x0000000100000000)
  region size 1024K, 30 young (30720K), 4 survivors (4096K)
 Metaspace       used 40379K, committed 41152K, reserved 1089536K
  class space    used 4041K, committed 4352K, reserved 1048576K
}
Event: 7,829 GC heap after
{Heap after GC invocations=14 (full 0):
 garbage-first heap   total 62464K, used 22167K [0x00000000c0000000, 0x0000000100000000)
  region size 1024K, 3 young (3072K), 3 survivors (3072K)
 Metaspace       used 40379K, committed 41152K, reserved 1089536K
  class space    used 4041K, committed 4352K, reserved 1048576K
}
Event: 7,928 GC heap before
{Heap before GC invocations=14 (full 0):
 garbage-first heap   total 62464K, used 48791K [0x00000000c0000000, 0x0000000100000000)
  region size 1024K, 28 young (28672K), 3 survivors (3072K)
 Metaspace       used 41419K, committed 42112K, reserved 1089536K
  class space    used 4181K, committed 4480K, reserved 1048576K
}
Event: 7,932 GC heap after
{Heap after GC invocations=15 (full 0):
 garbage-first heap   total 62464K, used 25605K [0x00000000c0000000, 0x0000000100000000)
  region size 1024K, 3 young (3072K), 3 survivors (3072K)
 Metaspace       used 41419K, committed 42112K, reserved 1089536K
  class space    used 4181K, committed 4480K, reserved 1048576K
}
Event: 7,981 GC heap before
{Heap before GC invocations=15 (full 0):
 garbage-first heap   total 62464K, used 48133K [0x00000000c0000000, 0x0000000100000000)
  region size 1024K, 25 young (25600K), 3 survivors (3072K)
 Metaspace       used 41697K, committed 42432K, reserved 1089536K
  class space    used 4218K, committed 4544K, reserved 1048576K
}
Event: 7,987 GC heap after
{Heap after GC invocations=16 (full 0):
 garbage-first heap   total 86016K, used 28641K [0x00000000c0000000, 0x0000000100000000)
  region size 1024K, 3 young (3072K), 3 survivors (3072K)
 Metaspace       used 41697K, committed 42432K, reserved 1089536K
  class space    used 4218K, committed 4544K, reserved 1048576K
}
Event: 8,591 GC heap before
{Heap before GC invocations=16 (full 0):
 garbage-first heap   total 86016K, used 65505K [0x00000000c0000000, 0x0000000100000000)
  region size 1024K, 40 young (40960K), 3 survivors (3072K)
 Metaspace       used 43165K, committed 43968K, reserved 1089536K
  class space    used 4378K, committed 4736K, reserved 1048576K
}
Event: 8,597 GC heap after
{Heap after GC invocations=17 (full 0):
 garbage-first heap   total 86016K, used 33632K [0x00000000c0000000, 0x0000000100000000)
  region size 1024K, 5 young (5120K), 5 survivors (5120K)
 Metaspace       used 43165K, committed 43968K, reserved 1089536K
  class space    used 4378K, committed 4736K, reserved 1048576K
}
Event: 9,288 GC heap before
{Heap before GC invocations=17 (full 0):
 garbage-first heap   total 86016K, used 65376K [0x00000000c0000000, 0x0000000100000000)
  region size 1024K, 36 young (36864K), 5 survivors (5120K)
 Metaspace       used 45034K, committed 45888K, reserved 1097728K
  class space    used 4576K, committed 4992K, reserved 1048576K
}
Event: 9,298 GC heap after
{Heap after GC invocations=18 (full 0):
 garbage-first heap   total 86016K, used 35129K [0x00000000c0000000, 0x0000000100000000)
  region size 1024K, 2 young (2048K), 2 survivors (2048K)
 Metaspace       used 45034K, committed 45888K, reserved 1097728K
  class space    used 4576K, committed 4992K, reserved 1048576K
}
Event: 10,335 GC heap before
{Heap before GC invocations=18 (full 0):
 garbage-first heap   total 86016K, used 65849K [0x00000000c0000000, 0x0000000100000000)
  region size 1024K, 33 young (33792K), 2 survivors (2048K)
 Metaspace       used 47899K, committed 48704K, reserved 1097728K
  class space    used 4838K, committed 5248K, reserved 1048576K
}
Event: 10,340 GC heap after
{Heap after GC invocations=19 (full 0):
 garbage-first heap   total 86016K, used 36972K [0x00000000c0000000, 0x0000000100000000)
  region size 1024K, 4 young (4096K), 4 survivors (4096K)
 Metaspace       used 47899K, committed 48704K, reserved 1097728K
  class space    used 4838K, committed 5248K, reserved 1048576K
}
Event: 12,266 GC heap before
{Heap before GC invocations=19 (full 0):
 garbage-first heap   total 86016K, used 66668K [0x00000000c0000000, 0x0000000100000000)
  region size 1024K, 34 young (34816K), 4 survivors (4096K)
 Metaspace       used 53997K, committed 54912K, reserved 1105920K
  class space    used 5340K, committed 5760K, reserved 1048576K
}
Event: 12,270 GC heap after
{Heap after GC invocations=20 (full 0):
 garbage-first heap   total 86016K, used 39896K [0x00000000c0000000, 0x0000000100000000)
  region size 1024K, 5 young (5120K), 5 survivors (5120K)
 Metaspace       used 53997K, committed 54912K, reserved 1105920K
  class space    used 5340K, committed 5760K, reserved 1048576K
}
Event: 13,019 GC heap before
{Heap before GC invocations=20 (full 0):
 garbage-first heap   total 86016K, used 67544K [0x00000000c0000000, 0x0000000100000000)
  region size 1024K, 32 young (32768K), 5 survivors (5120K)
 Metaspace       used 55216K, committed 56128K, reserved 1105920K
  class space    used 5419K, committed 5824K, reserved 1048576K
}
Event: 13,023 GC heap after
{Heap after GC invocations=21 (full 0):
 garbage-first heap   total 86016K, used 41785K [0x00000000c0000000, 0x0000000100000000)
  region size 1024K, 3 young (3072K), 3 survivors (3072K)
 Metaspace       used 55216K, committed 56128K, reserved 1105920K
  class space    used 5419K, committed 5824K, reserved 1048576K
}
Event: 13,190 GC heap before
{Heap before GC invocations=21 (full 0):
 garbage-first heap   total 86016K, used 68409K [0x00000000c0000000, 0x0000000100000000)
  region size 1024K, 29 young (29696K), 3 survivors (3072K)
 Metaspace       used 55716K, committed 56640K, reserved 1105920K
  class space    used 5457K, committed 5888K, reserved 1048576K
}
Event: 13,194 GC heap after
{Heap after GC invocations=22 (full 0):
 garbage-first heap   total 86016K, used 42333K [0x00000000c0000000, 0x0000000100000000)
  region size 1024K, 3 young (3072K), 3 survivors (3072K)
 Metaspace       used 55716K, committed 56640K, reserved 1105920K
  class space    used 5457K, committed 5888K, reserved 1048576K
}
Event: 181,127 GC heap before
{Heap before GC invocations=23 (full 0):
 garbage-first heap   total 86016K, used 68957K [0x00000000c0000000, 0x0000000100000000)
  region size 1024K, 30 young (30720K), 3 survivors (3072K)
 Metaspace       used 57467K, committed 58368K, reserved 1105920K
  class space    used 5608K, committed 6016K, reserved 1048576K
}
Event: 181,131 GC heap after
{Heap after GC invocations=24 (full 0):
 garbage-first heap   total 86016K, used 43842K [0x00000000c0000000, 0x0000000100000000)
  region size 1024K, 3 young (3072K), 3 survivors (3072K)
 Metaspace       used 57467K, committed 58368K, reserved 1105920K
  class space    used 5608K, committed 6016K, reserved 1048576K
}

