<?xml version="1.0" encoding="UTF-8"?>
<testsuite xmlns:xsi="http://www.w3.org/2001/XMLSchema-instance" xsi:noNamespaceSchemaLocation="https://maven.apache.org/surefire/maven-surefire-plugin/xsd/surefire-test-report.xsd" name="com.mycompany.app.modelo.usuario.UsuarioGetNombreTest" time="0.054" tests="3" errors="0" skipped="0" failures="0">
  <properties>
[...]
</properties>
  <testcase name="testGetNombreUsuarioCadenasVacias" classname="com.mycompany.app.modelo.usuario.UsuarioGetNombreTest" time="0.003"/>
  <testcase name="testGetNombreUsuarioNulls" classname="com.mycompany.app.modelo.usuario.UsuarioGetNombreTest" time="0.001"/>
  <testcase name="testGetNombreUsuarioCadenasLleas" classname="com.mycompany.app.modelo.usuario.UsuarioGetNombreTest" time="0.001"/>
</testsuite>